Opening monitor command playback file: c:\git\c64\c64_asm\KickAssAsm\irq-loaders\loader2\bin\main.vs
archdep_register_cbmfont(): Registering CBM fonts using Pango 1.54.0
succesfully registered 1 font(s) from c:\git\c64\c64_tools\vice\bin\..\common\C64_Pro_Mono-STYLE.ttf.
succesfully registered 1 font(s) from c:\git\c64\c64_tools\vice\bin\..\common\PetMe1282Y.ttf.
succesfully registered 1 font(s) from c:\git\c64\c64_tools\vice\bin\..\common\PetMe128.ttf.
succesfully registered 1 font(s) from c:\git\c64\c64_tools\vice\bin\..\common\PetMe2X.ttf.
succesfully registered 1 font(s) from c:\git\c64\c64_tools\vice\bin\..\common\PetMe2Y.ttf.
succesfully registered 1 font(s) from c:\git\c64\c64_tools\vice\bin\..\common\PetMe642Y.ttf.
succesfully registered 1 font(s) from c:\git\c64\c64_tools\vice\bin\..\common\PetMe64.ttf.
succesfully registered 1 font(s) from c:\git\c64\c64_tools\vice\bin\..\common\PetMe.ttf.
registered 8 font(s) total.
 
*** VICE Version 3.9 ***
 
Welcome to x64sc, the free portable C64 Emulator.
 
Current VICE team members:
Pottendo, Marco van den Heuvel, Fabrizio Gennari, Groepaz, Errol Smith, 
Ingo Korb, Olaf Seibert, Marcus Sutton, Kajtar Zsolt, AreaScout, Bas Wassink, 
Michael C. Martin, Christopher Phillips, David Hogan, Empathic Qubit, 
Roberto Muscedere, June Tate-Gans, Pablo Roldan.
 
This is free software with ABSOLUTELY NO WARRANTY.
See the "About VICE" command for more info.
 
Main: random seed was: 0x689f95b1
Main: command line was: c:\git\c64\c64_tools\vice\bin\x64sc -logfile c:\git\c64\c64_asm\KickAssAsm\irq-loaders\loader2\bin\main.prg-vice.log -moncommands c:\git\c64\c64_asm\KickAssAsm\irq-loaders\loader2\bin\main.vs c:\git\c64\c64_asm\KickAssAsm\irq-loaders\loader2\bin\main.prg
Main: VICE system file directory: 'c:\git\c64\c64_tools\vice\bin\..'.
Main: VICE system file search path: 'c:\git\c64\c64_tools\vice\bin;c:\git\c64\c64_tools\vice\bin\..'.
Loading system file `c:\git\c64\c64_tools\vice\bin\..\C64\kernal-901227-03.bin'.
C64MEM: Kernal rev #3 ($03) Sum: 50954 ($C70A) SHA1: 1d503e56df85a62fee696e7618dc5b4e781df1bb.
Loading system file `c:\git\c64\c64_tools\vice\bin\..\C64\basic-901226-01.bin'.
Loading system file `c:\git\c64\c64_tools\vice\bin\..\C64\chargen-901225-01.bin'.
Palette: Loading palette `c:\git\c64\c64_tools\vice\bin\..\PRINTER\mps803.vpl'.
Loading system file `c:\git\c64\c64_tools\vice\bin\..\PRINTER\nl10.bin'.
Palette: Loading palette `c:\git\c64\c64_tools\vice\bin\..\PRINTER\nl10.vpl'.
NL10: Printer driver initialized.
Palette: Loading palette `c:\git\c64\c64_tools\vice\bin\..\PRINTER\1520.vpl'.
Loading system file `c:\git\c64\c64_tools\vice\bin\..\DRIVES\dos1540-325302+3-01.bin'.
Loading system file `c:\git\c64\c64_tools\vice\bin\..\DRIVES\dos1541-325302-01+901229-05.bin'.
Loading system file `c:\git\c64\c64_tools\vice\bin\..\DRIVES\dos1541ii-251968-03.bin'.
Loading system file `c:\git\c64\c64_tools\vice\bin\..\DRIVES\dos1570-315090-01.bin'.
Loading system file `c:\git\c64\c64_tools\vice\bin\..\DRIVES\dos1571-310654-05.bin'.
Loading system file `c:\git\c64\c64_tools\vice\bin\..\DRIVES\dos1581-318045-02.bin'.
DriveROM: Error - 2000 ROM image not found. Hardware-level 2000 emulation is not available.
DriveROM: Error - 4000 ROM image not found. Hardware-level 4000 emulation is not available.
DriveROM: Error - CMDHD ROM image not found. Hardware-level CMDHD emulation is not available.
Loading system file `c:\git\c64\c64_tools\vice\bin\..\DRIVES\dos2031-901484-03+05.bin'.
Loading system file `c:\git\c64\c64_tools\vice\bin\..\DRIVES\dos2040-901468-06+07.bin'.
Loading system file `c:\git\c64\c64_tools\vice\bin\..\DRIVES\dos3040-901468-11-13.bin'.
Loading system file `c:\git\c64\c64_tools\vice\bin\..\DRIVES\dos4040-901468-14-16.bin'.
Loading system file `c:\git\c64\c64_tools\vice\bin\..\DRIVES\dos1001-901887+8-01.bin'.
Loading system file `c:\git\c64\c64_tools\vice\bin\..\DRIVES\dos9000-300516+7-revC.bin'.
Drive: Finished loading ROM images.
VIC-II: Initializing chip model "MOS6569R3" (63 cycles per line, 312 raster lines).
Window: using GTK3 backend: DirectX
Window: chip_name: VICII
Window:  screen_size: 384 x 312
Window:  gfx_size: 320 x 200
Window:  gfx_position: 32 x 51
Window:  first/last displayed line: 16 x 287
Window:  extra offscreen border left/right: 0 x 0
Window:  scalexy: 2 x 2 sizexy: 1 x 1
Window:  rmode: 1
Window:  aspect ratio: 0.936508
Window:  hstretch: 0 vstretch: 0
Window:  initializing with width, height: 704 x 507
Render thread: Created render thread 0
Render thread initialised
Sound: Available sound devices: dx wmm dummy fs dump wav voc iff aiff mp3 flac ogg soundmovie
MIDIdrv: init driver
MIDIdrv: found 0 sources
MIDIdrv: found 1 destinations
MIDIdrv: destination #0: Microsoft GS Wavetable Synth
Keymap: Loading keymap `c:\git\c64\c64_tools\vice\bin\..\C64\gtk3_sym.vkm'.
Hotkeys: Initializing hotkeys.
Hotkeys: parsing default file 'c:\git\c64\c64_tools\vice\bin\..\hotkeys\hotkeys.vhk' for machine C64
Hotkeys: OK.
Main CPU: 
Main CPU: starting at ($FFFC).
Main CPU: RESET.
VIC-II: VSP Bug: safe channels are: 01346. Emulation of memory corruption is disabled.
AUTOSTART: Autodetecting image type of `c:\git\c64\c64_asm\KickAssAsm\irq-loaders\loader2\bin\main.prg'.
Filesystem Image Probe: Error - Import GCR: Unknown GCR image version 48.
Filesystem Image: Unknown disk image `c:\git\c64\c64_asm\KickAssAsm\irq-loaders\loader2\bin\main.prg'.
Tape: Error - Cannot open file `c:\git\c64\c64_asm\KickAssAsm\irq-loaders\loader2\bin\main.prg'
Error - no CRT header found.
CART: 'c:\git\c64\c64_asm\KickAssAsm\irq-loaders\loader2\bin\main.prg' is not a valid CRT file.
AUTOSTART: Loading PRG file `c:\git\c64\c64_asm\KickAssAsm\irq-loaders\loader2\bin\main.prg' with direct RAM injection.
AUTOSTART: Resetting the machine to autostart '*'
VIC-II: VSP Bug: safe channels are: 034. Emulation of memory corruption is disabled.
AUTOSTART: Turning Warp mode on.
AUTOSTART: `c:\git\c64\c64_asm\KickAssAsm\irq-loaders\loader2\bin\main.prg' recognized as program/p00 file.
Monitor playback command: al C:8e6 .set_filename_length
Monitor playback command: al C:811 .unpack_next
Monitor playback command: al C:884 .sprite_reset
Monitor playback command: al C:895 .sid_reset
Monitor playback command: al C:80b .upstartEnd
Monitor playback command: al C:951 .load_address
Monitor playback command: al C:8c5 .clean_current_part
Monitor playback command: al C:841 .apply_interrupt
Monitor playback command: al C:825 .unpack_literal
Monitor playback command: al C:8b6 .loader_part_name_1
Monitor playback command: al C:8e9 .set_filename_low
Monitor playback command: al C:8c0 .loader_part_name_3
Monitor playback command: al C:8b3 .load_part_name_length
Monitor playback command: al C:8bb .loader_part_name_2
Monitor playback command: al C:8ec .set_filename_high
Monitor playback command: al C:830 .unpack_return2
Monitor playback command: al C:86b .clean_up_intro_part
Monitor playback command: al C:8af .loader_part_name_high
Monitor playback command: al C:80e .start
Monitor playback command: al C:8b2 .loader_part_index
Monitor playback command: al C:92c .sync_part
Monitor playback command: al C:840 .unpack_return
Monitor playback command: al C:871 .irq_reset
Monitor playback command: al C:8c8 .load_next_part
Monitor playback command: al C:835 .unpack_getbyte
Monitor playback command: al C:84d .exit_intro_part
Monitor playback command: al C:8ac .loader_part_name_low
Monitor playback command: al C:926 .loader_interrupt
Monitor playback command: al C:8ce .forever
Monitor playback command: al C:8d1 .load_part
Closed monitor command playback file: c:\git\c64\c64_asm\KickAssAsm\irq-loaders\loader2\bin\main.vs
Main CPU: RESET.
Sound: Opened device `dx', speed 48000Hz, fragment size 2.67ms, buffer size 32.00ms
Sound: reSID: MOS6581, filter on, sampling rate 40099Hz - resampling, pass to 18044Hz
VSync: Sync reset
Unit 8: RESET.
Monitor UI: 'C64 Pro*' font found, enabling PETSCII output.
Monitor UI: using font 'C64 Pro Mono 9' (Family:C64 Pro Mono, Size:9, Variations:-) PETSCII:yes Terminal Scale:1.000000
AUTOSTART: Injecting program data at $0801 (size $0151)
AUTOSTART: Ready
AUTOSTART: Turning Warp mode off.
AUTOSTART: Starting program.
AUTOSTART: Restoring FileSystemDevice8 to 1.
AUTOSTART: Restoring FSDevice8ConvertP00 to 1.
AUTOSTART: Restoring FSDeviceLongNames to 0.
AUTOSTART: Done.
VSync: Sync reset
Render thread: Initiating render thread 0 shutdown
Render thread: Joining render thread 0 ...
Render thread: Joined render thread 0.

Configure Flags:
--enable-option-checking=fatal --enable-gtk3ui --disable-arch --disable-pdf-docs --enable-catweasel --enable-cpuhistory --enable-ethernet --enable-midi --enable-parsid --with-flac --with-gif --with-lame --with-libcurl --with-libieee1284 --with-mpg123 --with-png --with-portaudio --with-unzip-bin --with-vorbis

Resources with non default values:
LogFileName="c:\git\c64\c64_asm\KickAssAsm\irq-loaders\loader2\bin\main.prg-vice.log"
SaveResourcesOnExit=1
ConfirmOnExit=0
MonitorXPos=4312
MonitorYPos=250
MonitorWidth=976
MonitorHeight=652
MonitorFont="C64 Pro Mono 9"
MonitorFG="rgb(0,0,0)"
MonitorBG="rgb(153,193,241)"
Window0Height=1129
Window0Width=1920
Window0Xpos=3848
Window0Ypos=31
Speed=-60
IECReset=1
CIA1Model=0
CIA2Model=0
VICIIFilter=0
VICIIModel=0
VICIIBorderMode=1
SidModel=0
FSDevice8Dir="C:\git\c64\c64_asm\KickAssAsm\FLD"
AutostartBasicLoad=1
AutostartRunWithColon=1
AutostartHandleTrueDriveEmulation=1
AutostartPrgMode=1
GlueLogic=0
KeepMonitorOpen=0

reconstructed commandline options (might be incomplete):
-default -logfile "c:\git\c64\c64_asm\KickAssAsm\irq-loaders\loader2\bin\main.prg-vice.log" +confirmonexit -saveres -monitorfont "C64 Pro Mono 9" -monitorbg "rgb(153,193,241)" -monitorfg "rgb(0,0,0)" -monitorxpos "4312" -monitorypos "250" -monitorwidth "976" -monitorheight "652" -windowxpos "3848" -windowypos "31" -windowwidth "1920" -windowheight "1129" +keepmonopen -speed "-60" -cia1model "0" -cia2model "0" -iecreset "1" -VICIIfilter "0" -VICIIborders "1" -VICIImodel "0" -sidmodel "0" -fs8 "C:\git\c64\c64_asm\KickAssAsm\FLD" -basicload -autostartwithcolon -autostart-handle-tde -autostartprgmode "1" -gluelogictype "0"

Mainlock: VICE thread initiating shutdown
Mainlock: VICE thread is exiting
Main: VICE thread has been joined.
Writing configuration file `C:\Users\slpavkov\AppData\Roaming\vice\vice.ini'.
VIC-II: VSP Bug: safe channels are: 24567. Emulation of memory corruption is disabled.
Sound: Closing device `dx'
Hotkeys: shutting down.
